<?xml version="1.0" encoding="UTF-8"?>
<!-- Generated by org.testng.reporters.JUnitReportReporter -->
<testsuite hostname="DESKTOP-M9M5V5Q" failures="0" tests="1" name="package1.SeleniumProject.TestCase1" time="7.104" errors="0" timestamp="2024-07-07T01:51:04 IST" skipped="0">
  <testcase classname="package1.SeleniumProject.TestCase1" name="login_to_facebook_using_valid_credentials" time="7.104"/>
  <system-out/>
</testsuite> <!-- package1.SeleniumProject.TestCase1 -->
