<?xml version="1.0" encoding="UTF-8"?>
<!-- Generated by org.testng.reporters.JUnitReportReporter -->
<testsuite hostname="DESKTOP-M9M5V5Q" failures="0" tests="1" name="Maven.Selenium_Maven_Proj1.TestCase_Fliter" time="40.473" errors="0" timestamp="2024-07-21T14:24:02 IST" skipped="0">
  <testcase classname="Maven.Selenium_Maven_Proj1.TestCase_Fliter" name="login_to_search" time="40.473"/>
  <system-out/>
</testsuite> <!-- Maven.Selenium_Maven_Proj1.TestCase_Fliter -->
