<?xml version="1.0" encoding="UTF-8"?>
<!-- Generated by org.testng.reporters.JUnitReportReporter -->
<testsuite hostname="DESKTOP-M9M5V5Q" failures="0" tests="1" name="Maven.Selenium_Maven_Proj1.TestCase_Shoe" time="12.402" errors="0" timestamp="2024-07-14T17:40:16 IST" skipped="0">
  <testcase classname="Maven.Selenium_Maven_Proj1.TestCase_Shoe" name="login_to_search" time="12.402"/>
  <system-out/>
</testsuite> <!-- Maven.Selenium_Maven_Proj1.TestCase_Shoe -->
