<?xml version="1.0" encoding="UTF-8"?>
<!-- Generated by org.testng.reporters.JUnitReportReporter -->
<testsuite hostname="DESKTOP-M9M5V5Q" failures="0" tests="1" name="Maven.Selenium_Maven_Proj1.TestCase_Reg" time="9.336" errors="0" timestamp="2024-07-21T17:38:49 IST" skipped="0">
  <testcase classname="Maven.Selenium_Maven_Proj1.TestCase_Reg" name="login_to_search" time="9.336"/>
  <system-out/>
</testsuite> <!-- Maven.Selenium_Maven_Proj1.TestCase_Reg -->
