<?xml version="1.0" encoding="UTF-8"?>
<!-- Generated by org.testng.reporters.JUnitReportReporter -->
<testsuite hostname="DESKTOP-M9M5V5Q" failures="0" tests="1" name="Maven.Selenium_Maven.TestCase5" time="32.246" errors="0" timestamp="2024-07-14T22:40:45 IST" skipped="0">
  <testcase classname="Maven.Selenium_Maven.TestCase5" name="login_to_search" time="32.246"/>
  <system-out/>
</testsuite> <!-- Maven.Selenium_Maven.TestCase5 -->
