<?xml version="1.0" encoding="UTF-8"?>
<!-- Generated by org.testng.reporters.JUnitReportReporter -->
<testsuite hostname="DESKTOP-M9M5V5Q" failures="0" tests="1" name="Maven.Selenium_Maven.TestCase4" time="29.707" errors="0" timestamp="2024-07-14T22:29:31 IST" skipped="0">
  <testcase classname="Maven.Selenium_Maven.TestCase4" name="login_to_search" time="29.707"/>
  <system-out/>
</testsuite> <!-- Maven.Selenium_Maven.TestCase4 -->
