<?xml version="1.0" encoding="UTF-8"?>
<!-- Generated by org.testng.reporters.JUnitReportReporter -->
<testsuite hostname="DESKTOP-M9M5V5Q" failures="0" tests="1" name="Maven.Selenium_Maven_Proj1.TestCase2" time="22.095" errors="0" timestamp="2024-07-24T20:35:53 IST" skipped="0">
  <testcase classname="Maven.Selenium_Maven_Proj1.TestCase2" name="login_to_search" time="22.095"/>
  <system-out/>
</testsuite> <!-- Maven.Selenium_Maven_Proj1.TestCase2 -->
