<?xml version="1.0" encoding="UTF-8"?>
<!-- Generated by org.testng.reporters.JUnitReportReporter -->
<testsuite hostname="DESKTOP-M9M5V5Q" failures="0" tests="1" name="Maven.Selenium_Maven_Proj1.TestCase12" time="45.434" errors="0" timestamp="2024-07-28T19:03:23 IST" skipped="0">
  <testcase classname="Maven.Selenium_Maven_Proj1.TestCase12" name="checkoutProcess" time="45.434"/>
  <system-out/>
</testsuite> <!-- Maven.Selenium_Maven_Proj1.TestCase12 -->
