<?xml version="1.0" encoding="UTF-8"?>
<!-- Generated by org.testng.reporters.JUnitReportReporter -->
<testsuite hostname="DESKTOP-M9M5V5Q" failures="0" tests="1" name="Maven.Selenium_Maven_Proj1.TestCase6" time="51.730" errors="0" timestamp="2024-07-25T00:03:02 IST" skipped="0">
  <testcase classname="Maven.Selenium_Maven_Proj1.TestCase6" name="login_to_search" time="51.730"/>
  <system-out/>
</testsuite> <!-- Maven.Selenium_Maven_Proj1.TestCase6 -->
