<?xml version="1.0" encoding="UTF-8"?>
<!-- Generated by org.testng.reporters.JUnitReportReporter -->
<testsuite hostname="DESKTOP-M9M5V5Q" failures="0" tests="1" name="Maven.Selenium_Maven.TestCase2" time="43.158" errors="0" timestamp="2024-07-13T23:50:13 IST" skipped="0">
  <testcase classname="Maven.Selenium_Maven.TestCase2" name="login_to_search" time="43.158"/>
  <system-out/>
</testsuite> <!-- Maven.Selenium_Maven.TestCase2 -->
