<?xml version="1.0" encoding="UTF-8"?>
<!-- Generated by org.testng.reporters.JUnitReportReporter -->
<testsuite hostname="DESKTOP-M9M5V5Q" failures="0" tests="1" name="Maven.Selenium_Maven_Proj1.TestCase_Prod" time="40.010" errors="0" timestamp="2024-07-15T01:17:00 IST" skipped="0">
  <testcase classname="Maven.Selenium_Maven_Proj1.TestCase_Prod" name="login_to_search" time="40.010"/>
  <system-out/>
</testsuite> <!-- Maven.Selenium_Maven_Proj1.TestCase_Prod -->
