<?xml version="1.0" encoding="UTF-8"?>
<!-- Generated by org.testng.reporters.JUnitReportReporter -->
<testsuite hostname="DESKTOP-M9M5V5Q" failures="0" tests="1" name="Maven.Selenium_Maven_Proj1.TestCase_InLogin" time="8.280" errors="0" timestamp="2024-07-14T16:41:59 IST" skipped="0">
  <testcase classname="Maven.Selenium_Maven_Proj1.TestCase_InLogin" name="login_to_search" time="8.280"/>
  <system-out/>
</testsuite> <!-- Maven.Selenium_Maven_Proj1.TestCase_InLogin -->
