<?xml version="1.0" encoding="UTF-8"?>
<!-- Generated by org.testng.reporters.JUnitReportReporter -->
<testsuite hostname="DESKTOP-M9M5V5Q" failures="0" tests="1" name="Maven.Selenium_Maven.TestCase3" time="41.710" errors="0" timestamp="2024-07-13T23:51:52 IST" skipped="0">
  <testcase classname="Maven.Selenium_Maven.TestCase3" name="login_to_search" time="41.710"/>
  <system-out/>
</testsuite> <!-- Maven.Selenium_Maven.TestCase3 -->
