<?xml version="1.0" encoding="UTF-8"?>
<!-- Generated by org.testng.reporters.JUnitReportReporter -->
<testsuite hostname="DESKTOP-M9M5V5Q" failures="0" tests="1" name="Maven.Selenium_Maven_Proj1.TestCase1" time="14.147" errors="0" timestamp="2024-07-24T16:52:47 IST" skipped="0">
  <testcase classname="Maven.Selenium_Maven_Proj1.TestCase1" name="login_to_search" time="14.147"/>
  <system-out/>
</testsuite> <!-- Maven.Selenium_Maven_Proj1.TestCase1 -->
