<?xml version="1.0" encoding="UTF-8"?>
<!-- Generated by org.testng.reporters.JUnitReportReporter -->
<testsuite hostname="DESKTOP-M9M5V5Q" failures="0" tests="1" name="Maven.Selenium_Maven_Proj1.TestCase5" time="18.235" errors="0" timestamp="2024-07-24T23:58:49 IST" skipped="0">
  <testcase classname="Maven.Selenium_Maven_Proj1.TestCase5" name="login_to_search" time="18.235"/>
  <system-out/>
</testsuite> <!-- Maven.Selenium_Maven_Proj1.TestCase5 -->
