<?xml version="1.0" encoding="UTF-8"?>
<!-- Generated by org.testng.reporters.JUnitReportReporter -->
<testsuite hostname="DESKTOP-M9M5V5Q" failures="0" tests="1" name="Amaze_DProvider.TimeOut" time="8.285" errors="0" timestamp="2024-07-06T22:37:09 IST" skipped="0">
  <testcase classname="Amaze_DProvider.TimeOut" name="TestCase1" time="8.285"/>
  <system-out/>
</testsuite> <!-- Amaze_DProvider.TimeOut -->
