<?xml version="1.0" encoding="UTF-8"?>
<!-- Generated by org.testng.reporters.JUnitReportReporter -->
<testsuite hostname="DESKTOP-M9M5V5Q" failures="0" tests="1" name="seleniumprog.TestCase1" time="7.004" errors="0" timestamp="2024-07-13T20:03:20 IST" skipped="0">
  <testcase classname="seleniumprog.TestCase1" name="login_Amazon" time="7.004"/>
  <system-out/>
</testsuite> <!-- seleniumprog.TestCase1 -->
