<?xml version="1.0" encoding="UTF-8"?>
<!-- Generated by org.testng.reporters.JUnitReportReporter -->
<testsuite hostname="DESKTOP-M9M5V5Q" failures="0" tests="1" name="Assert10.TestCase1" time="18.323" errors="0" timestamp="2024-07-01T23:49:03 IST" skipped="0">
  <testcase classname="Assert10.TestCase1" name="assertSelectShoe" time="18.323"/>
  <system-out/>
</testsuite> <!-- Assert10.TestCase1 -->
