<?xml version="1.0" encoding="UTF-8"?>
<!-- Generated by org.testng.reporters.JUnitReportReporter -->
<testsuite hostname="DESKTOP-M9M5V5Q" failures="0" tests="1" name="selenium_Amazon.TestCase2" time="54.447" errors="0" timestamp="2024-06-30T14:44:21 IST" skipped="0">
  <testcase classname="selenium_Amazon.TestCase2" name="Addcart" time="54.447"/>
  <system-out/>
</testsuite> <!-- selenium_Amazon.TestCase2 -->
