<?xml version="1.0" encoding="UTF-8"?>
<!-- Generated by org.testng.reporters.JUnitReportReporter -->
<testsuite hostname="DESKTOP-M9M5V5Q" failures="0" tests="1" name="seleniumprog.Testcas2" time="7.939" errors="0" timestamp="2024-07-13T21:26:16 IST" skipped="0">
  <testcase classname="seleniumprog.Testcas2" name="AM_login" time="7.939"/>
  <system-out/>
</testsuite> <!-- seleniumprog.Testcas2 -->
