<?xml version="1.0" encoding="UTF-8"?>
<!-- Generated by org.testng.reporters.JUnitReportReporter -->
<testsuite hostname="DESKTOP-M9M5V5Q" failures="0" tests="1" name="Assert10.TestCase4" time="15.597" errors="0" timestamp="2024-07-01T23:49:03 IST" skipped="0">
  <testcase classname="Assert10.TestCase4" name="assertSearchMobileCover" time="15.597"/>
  <system-out/>
</testsuite> <!-- Assert10.TestCase4 -->
