<?xml version="1.0" encoding="UTF-8"?>
<!-- Generated by org.testng.reporters.JUnitReportReporter -->
<testsuite hostname="DESKTOP-M9M5V5Q" failures="0" tests="1" name="IRetry_Test.Testcase1" time="21.019" errors="0" timestamp="2024-06-30T17:59:59 IST" skipped="0">
  <testcase classname="IRetry_Test.Testcase1" name="test001" time="21.019"/>
  <system-out/>
</testsuite> <!-- IRetry_Test.Testcase1 -->
