<?xml version="1.0" encoding="UTF-8"?>
<!-- Generated by org.testng.reporters.JUnitReportReporter -->
<testsuite hostname="DESKTOP-M9M5V5Q" failures="0" tests="3" name="selenium_Amazon.Grouping_Test" time="0.029" errors="0" timestamp="2024-06-30T15:20:07 IST" skipped="0">
  <testcase classname="selenium_Amazon.Grouping_Test" name="testcase3" time="0.002"/>
  <system-out/>
  <testcase classname="selenium_Amazon.Grouping_Test" name="testcase1" time="0.023"/>
  <system-out/>
  <testcase classname="selenium_Amazon.Grouping_Test" name="testcase4" time="0.004"/>
  <system-out/>
</testsuite> <!-- selenium_Amazon.Grouping_Test -->
