<?xml version="1.0" encoding="UTF-8"?>
<!-- Generated by org.testng.reporters.JUnitReportReporter -->
<testsuite hostname="DESKTOP-M9M5V5Q" failures="0" tests="1" name="Assertion.AssertNewPage" time="22.891" errors="0" timestamp="2024-06-30T20:03:15 IST" skipped="0">
  <testcase classname="Assertion.AssertNewPage" name="testPages" time="22.891"/>
  <system-out/>
</testsuite> <!-- Assertion.AssertNewPage -->
