<?xml version="1.0" encoding="UTF-8"?>
<!-- Generated by org.testng.reporters.JUnitReportReporter -->
<testsuite hostname="DESKTOP-M9M5V5Q" failures="0" tests="4" name="DataProvider.Amazon_DataP" time="42.531" errors="0" timestamp="2024-06-30T18:54:11 IST" skipped="0">
  <testcase classname="DataProvider.Amazon_DataP" name="testcase1" time="9.458"/>
  <system-out/>
  <testcase classname="DataProvider.Amazon_DataP" name="testcase1" time="12.905"/>
  <system-out/>
  <testcase classname="DataProvider.Amazon_DataP" name="testcase1" time="10.068"/>
  <system-out/>
  <testcase classname="DataProvider.Amazon_DataP" name="testcase1" time="10.100"/>
  <system-out/>
</testsuite> <!-- DataProvider.Amazon_DataP -->
