<?xml version="1.0" encoding="UTF-8"?>
<!-- Generated by org.testng.reporters.JUnitReportReporter -->
<testsuite hostname="DESKTOP-M9M5V5Q" failures="0" tests="1" name="Assert10.TestCase2" time="21.179" errors="0" timestamp="2024-07-01T23:49:03 IST" skipped="0">
  <testcase classname="Assert10.TestCase2" name="assertSearchMobile" time="21.179"/>
  <system-out/>
</testsuite> <!-- Assert10.TestCase2 -->
