<?xml version="1.0" encoding="UTF-8"?>
<!-- Generated by org.testng.reporters.JUnitReportReporter -->
<testsuite hostname="DESKTOP-M9M5V5Q" failures="0" tests="1" name="Maven.Selenium_Maven.TestCase4" time="40.171" errors="0" timestamp="2024-07-21T17:55:27 IST" skipped="0">
  <testcase classname="Maven.Selenium_Maven.TestCase4" name="login_to_search" time="40.171"/>
</testsuite> <!-- Maven.Selenium_Maven.TestCase4 -->
