<?xml version="1.0" encoding="UTF-8"?>
<!-- Generated by org.testng.reporters.JUnitReportReporter -->
<testsuite hostname="DESKTOP-M9M5V5Q" failures="0" tests="1" name="Maven.Selenium_Maven_Proj1.TestCase_Login" time="68.418" errors="0" timestamp="2024-07-21T17:55:27 IST" skipped="0">
  <testcase classname="Maven.Selenium_Maven_Proj1.TestCase_Login" name="login_to_search" time="68.418"/>
</testsuite> <!-- Maven.Selenium_Maven_Proj1.TestCase_Login -->
