<?xml version="1.0" encoding="UTF-8"?>
<!-- Generated by org.testng.reporters.JUnitReportReporter -->
<testsuite hostname="DESKTOP-M9M5V5Q" failures="0" tests="1" name="Maven.Selenium_Maven.TestCase5" time="41.221" errors="0" timestamp="2024-07-21T17:55:27 IST" skipped="0">
  <testcase classname="Maven.Selenium_Maven.TestCase5" name="login_to_search" time="41.221"/>
</testsuite> <!-- Maven.Selenium_Maven.TestCase5 -->
